<?xml version="1.0" encoding="UTF-8"?>
<!-- Generated by org.testng.reporters.JUnitReportReporter -->
<testsuite hostname="Kanade" failures="0" tests="3" name="BatchExecution.DependsOnMethod" time="0.062" errors="0" timestamp="2023-05-02T16:33:01 IST" skipped="0">
  <testcase classname="BatchExecution.DependsOnMethod" name="test2" time="0.051"/>
  <system-out>
    <![CDATA[Om]]>
  </system-out>
  <testcase classname="BatchExecution.DependsOnMethod" name="test1" time="0.005"/>
  <system-out>
    <![CDATA[Shivay]]>
  </system-out>
  <testcase classname="BatchExecution.DependsOnMethod" name="test3" time="0.006"/>
  <system-out>
    <![CDATA[Namah]]>
  </system-out>
</testsuite> <!-- BatchExecution.DependsOnMethod -->
