<?xml version="1.0" encoding="UTF-8"?>
<!-- Generated by org.testng.reporters.JUnitReportReporter -->
<testsuite hostname="Kanade" failures="0" tests="1" name="GroupExecution.Customer1" time="0.025" errors="0" timestamp="2023-05-13T12:38:04 IST" skipped="0">
  <testcase classname="GroupExecution.Customer1" name="deleteCust" time="0.025"/>
  <system-out>
    <![CDATA[Customer Deleted]]>
  </system-out>
</testsuite> <!-- GroupExecution.Customer1 -->
