<?xml version="1.0" encoding="UTF-8"?>
<!-- Generated by org.testng.reporters.JUnitReportReporter -->
<testsuite hostname="Kanade" failures="0" tests="1" name="GroupExecution.Task1" time="0.002" errors="0" timestamp="2023-05-13T12:38:04 IST" skipped="0">
  <testcase classname="GroupExecution.Task1" name="deleteTask" time="0.002"/>
  <system-out>
    <![CDATA[Task Deleted]]>
  </system-out>
</testsuite> <!-- GroupExecution.Task1 -->
