<?xml version="1.0" encoding="UTF-8"?>
<!-- Generated by org.testng.reporters.JUnitReportReporter -->
<testsuite hostname="Kanade" failures="0" tests="3" name="BatchExecution.TestNGPriority" time="0.014" errors="0" timestamp="2023-05-02T15:33:02 IST" skipped="0">
  <testcase classname="BatchExecution.TestNGPriority" name="test1" time="0.012"/>
  <system-out>
    <![CDATA[Sagar]]>
  </system-out>
  <testcase classname="BatchExecution.TestNGPriority" name="test2" time="0.001"/>
  <system-out>
    <![CDATA[Somanath]]>
  </system-out>
  <testcase classname="BatchExecution.TestNGPriority" name="test3" time="0.001"/>
  <system-out>
    <![CDATA[Kanade]]>
  </system-out>
</testsuite> <!-- BatchExecution.TestNGPriority -->
