<?xml version="1.0" encoding="UTF-8"?>
<!-- Generated by org.testng.reporters.JUnitReportReporter -->
<testsuite hostname="Kanade" failures="0" tests="1" name="GroupExecution.Project1" time="0.017" errors="0" timestamp="2023-05-13T12:58:02 IST" skipped="0">
  <testcase classname="GroupExecution.Project1" name="modifyProj" time="0.017"/>
  <system-out>
    <![CDATA[Project Modified]]>
  </system-out>
</testsuite> <!-- GroupExecution.Project1 -->
