<?xml version="1.0" encoding="UTF-8"?>
<!-- Generated by org.testng.reporters.JUnitReportReporter -->
<testsuite hostname="Kanade" failures="0" tests="1" name="POMClasses.MainMethodCls" time="11.303" errors="0" timestamp="2023-05-19T07:01:01 IST" skipped="0">
  <testcase classname="POMClasses.MainMethodCls" name="login" time="11.303"/>
  <system-out/>
</testsuite> <!-- POMClasses.MainMethodCls -->
