<?xml version="1.0" encoding="UTF-8"?>
<!-- Generated by org.testng.reporters.JUnitReportReporter -->
<testsuite hostname="Kanade" failures="0" tests="3" name="BatchExecution.DisableTestCase" time="0.004" errors="0" timestamp="2023-05-03T10:26:59 IST" skipped="1">
  <testcase classname="BatchExecution.DisableTestCase" name="test1" time="0.002"/>
  <system-out>
    <![CDATA[Om]]>
  </system-out>
  <testcase classname="BatchExecution.DisableTestCase" name="test2" time="0.002"/>
  <system-out>
    <![CDATA[Shivay]]>
  </system-out>
  <testcase classname="BatchExecution.DisableTestCase" name="test3">
    <skipped/>
  </testcase> <!-- test3 -->
  <system-out/>
</testsuite> <!-- BatchExecution.DisableTestCase -->
