<?xml version="1.0" encoding="UTF-8"?>
<!-- Generated by org.testng.reporters.JUnitReportReporter -->
<testsuite hostname="Kanade" failures="0" tests="4" name="BatchExecution.InvocationCount" time="0.006" errors="0" timestamp="2023-05-03T10:26:59 IST" skipped="0">
  <testcase classname="BatchExecution.InvocationCount" name="test1" time="0.002"/>
  <system-out>
    <![CDATA[Jai]]>
  </system-out>
  <testcase classname="BatchExecution.InvocationCount" name="test1" time="0.001"/>
  <system-out>
    <![CDATA[Jai]]>
  </system-out>
  <testcase classname="BatchExecution.InvocationCount" name="test3" time="0.002"/>
  <system-out>
    <![CDATA[Shree]]>
  </system-out>
  <testcase classname="BatchExecution.InvocationCount" name="test2" time="0.001"/>
  <system-out>
    <![CDATA[Ram]]>
  </system-out>
</testsuite> <!-- BatchExecution.InvocationCount -->
